/usr/local/lsws/fcgi-bin/lsnode.js:48
    var app = require(startupFile);
              ^

Error [ERR_REQUIRE_ESM]: require() of ES Module /home/v119576/domains/kurierportal.cfolks.pl/public_html/courier_portal/laravel/app.js from /usr/local/lsws/fcgi-bin/lsnode.js not supported.
app.js is treated as an ES module file as it is a .js file whose nearest parent package.json contains "type": "module" which declares all .js files in that package scope as ES modules.
Instead rename app.js to end in .cjs, change the requiring code to use dynamic import() which is available in all CommonJS modules, or change "type": "module" to "type": "commonjs" in /home/v119576/domains/kurierportal.cfolks.pl/public_html/courier_portal/laravel/package.json to treat all .js files as CommonJS (using .mjs for all ES modules instead).

    at startApplication (/usr/local/lsws/fcgi-bin/lsnode.js:48:15)
    at Object.<anonymous> (/usr/local/lsws/fcgi-bin/lsnode.js:16:1) {
  code: 'ERR_REQUIRE_ESM'
}

Node.js v18.14.1
/usr/local/lsws/fcgi-bin/lsnode.js:48
    var app = require(startupFile);
              ^

Error [ERR_REQUIRE_ESM]: require() of ES Module /home/v119576/domains/kurierportal.cfolks.pl/public_html/courier_portal/laravel/app.js from /usr/local/lsws/fcgi-bin/lsnode.js not supported.
app.js is treated as an ES module file as it is a .js file whose nearest parent package.json contains "type": "module" which declares all .js files in that package scope as ES modules.
Instead rename app.js to end in .cjs, change the requiring code to use dynamic import() which is available in all CommonJS modules, or change "type": "module" to "type": "commonjs" in /home/v119576/domains/kurierportal.cfolks.pl/public_html/courier_portal/laravel/package.json to treat all .js files as CommonJS (using .mjs for all ES modules instead).

    at startApplication (/usr/local/lsws/fcgi-bin/lsnode.js:48:15)
    at Object.<anonymous> (/usr/local/lsws/fcgi-bin/lsnode.js:16:1) {
  code: 'ERR_REQUIRE_ESM'
}

Node.js v18.14.1
/usr/local/lsws/fcgi-bin/lsnode.js:48
    var app = require(startupFile);
              ^

Error [ERR_REQUIRE_ESM]: require() of ES Module /home/v119576/domains/kurierportal.cfolks.pl/public_html/courier_portal/laravel/app.js from /usr/local/lsws/fcgi-bin/lsnode.js not supported.
app.js is treated as an ES module file as it is a .js file whose nearest parent package.json contains "type": "module" which declares all .js files in that package scope as ES modules.
Instead rename app.js to end in .cjs, change the requiring code to use dynamic import() which is available in all CommonJS modules, or change "type": "module" to "type": "commonjs" in /home/v119576/domains/kurierportal.cfolks.pl/public_html/courier_portal/laravel/package.json to treat all .js files as CommonJS (using .mjs for all ES modules instead).

    at startApplication (/usr/local/lsws/fcgi-bin/lsnode.js:48:15)
    at Object.<anonymous> (/usr/local/lsws/fcgi-bin/lsnode.js:16:1) {
  code: 'ERR_REQUIRE_ESM'
}

Node.js v18.14.1
/usr/local/lsws/fcgi-bin/lsnode.js:48
    var app = require(startupFile);
              ^

Error [ERR_REQUIRE_ESM]: require() of ES Module /home/v119576/domains/kurierportal.cfolks.pl/public_html/courier_portal/laravel/app.js from /usr/local/lsws/fcgi-bin/lsnode.js not supported.
app.js is treated as an ES module file as it is a .js file whose nearest parent package.json contains "type": "module" which declares all .js files in that package scope as ES modules.
Instead rename app.js to end in .cjs, change the requiring code to use dynamic import() which is available in all CommonJS modules, or change "type": "module" to "type": "commonjs" in /home/v119576/domains/kurierportal.cfolks.pl/public_html/courier_portal/laravel/package.json to treat all .js files as CommonJS (using .mjs for all ES modules instead).

    at startApplication (/usr/local/lsws/fcgi-bin/lsnode.js:48:15)
    at Object.<anonymous> (/usr/local/lsws/fcgi-bin/lsnode.js:16:1) {
  code: 'ERR_REQUIRE_ESM'
}

Node.js v18.14.1
/usr/local/lsws/fcgi-bin/lsnode.js:48
    var app = require(startupFile);
              ^

Error [ERR_REQUIRE_ESM]: require() of ES Module /home/v119576/domains/kurierportal.cfolks.pl/public_html/courier_portal/laravel/app.js from /usr/local/lsws/fcgi-bin/lsnode.js not supported.
app.js is treated as an ES module file as it is a .js file whose nearest parent package.json contains "type": "module" which declares all .js files in that package scope as ES modules.
Instead rename app.js to end in .cjs, change the requiring code to use dynamic import() which is available in all CommonJS modules, or change "type": "module" to "type": "commonjs" in /home/v119576/domains/kurierportal.cfolks.pl/public_html/courier_portal/laravel/package.json to treat all .js files as CommonJS (using .mjs for all ES modules instead).

    at startApplication (/usr/local/lsws/fcgi-bin/lsnode.js:48:15)
    at Object.<anonymous> (/usr/local/lsws/fcgi-bin/lsnode.js:16:1) {
  code: 'ERR_REQUIRE_ESM'
}

Node.js v18.14.1
/usr/local/lsws/fcgi-bin/lsnode.js:48
    var app = require(startupFile);
              ^

Error [ERR_REQUIRE_ESM]: require() of ES Module /home/v119576/domains/kurierportal.cfolks.pl/public_html/courier_portal/laravel/app.js from /usr/local/lsws/fcgi-bin/lsnode.js not supported.
app.js is treated as an ES module file as it is a .js file whose nearest parent package.json contains "type": "module" which declares all .js files in that package scope as ES modules.
Instead rename app.js to end in .cjs, change the requiring code to use dynamic import() which is available in all CommonJS modules, or change "type": "module" to "type": "commonjs" in /home/v119576/domains/kurierportal.cfolks.pl/public_html/courier_portal/laravel/package.json to treat all .js files as CommonJS (using .mjs for all ES modules instead).

    at startApplication (/usr/local/lsws/fcgi-bin/lsnode.js:48:15)
    at Object.<anonymous> (/usr/local/lsws/fcgi-bin/lsnode.js:16:1) {
  code: 'ERR_REQUIRE_ESM'
}

Node.js v18.14.1
/usr/local/lsws/fcgi-bin/lsnode.js:48
    var app = require(startupFile);
              ^

Error [ERR_REQUIRE_ESM]: require() of ES Module /home/v119576/domains/kurierportal.cfolks.pl/public_html/courier_portal/laravel/app.js from /usr/local/lsws/fcgi-bin/lsnode.js not supported.
app.js is treated as an ES module file as it is a .js file whose nearest parent package.json contains "type": "module" which declares all .js files in that package scope as ES modules.
Instead rename app.js to end in .cjs, change the requiring code to use dynamic import() which is available in all CommonJS modules, or change "type": "module" to "type": "commonjs" in /home/v119576/domains/kurierportal.cfolks.pl/public_html/courier_portal/laravel/package.json to treat all .js files as CommonJS (using .mjs for all ES modules instead).

    at startApplication (/usr/local/lsws/fcgi-bin/lsnode.js:48:15)
    at Object.<anonymous> (/usr/local/lsws/fcgi-bin/lsnode.js:16:1) {
  code: 'ERR_REQUIRE_ESM'
}

Node.js v18.14.1
/usr/local/lsws/fcgi-bin/lsnode.js:48
    var app = require(startupFile);
              ^

Error [ERR_REQUIRE_ESM]: require() of ES Module /home/v119576/domains/kurierportal.cfolks.pl/public_html/courier_portal/laravel/app.js from /usr/local/lsws/fcgi-bin/lsnode.js not supported.
app.js is treated as an ES module file as it is a .js file whose nearest parent package.json contains "type": "module" which declares all .js files in that package scope as ES modules.
Instead rename app.js to end in .cjs, change the requiring code to use dynamic import() which is available in all CommonJS modules, or change "type": "module" to "type": "commonjs" in /home/v119576/domains/kurierportal.cfolks.pl/public_html/courier_portal/laravel/package.json to treat all .js files as CommonJS (using .mjs for all ES modules instead).

    at startApplication (/usr/local/lsws/fcgi-bin/lsnode.js:48:15)
    at Object.<anonymous> (/usr/local/lsws/fcgi-bin/lsnode.js:16:1) {
  code: 'ERR_REQUIRE_ESM'
}

Node.js v18.14.1
/usr/local/lsws/fcgi-bin/lsnode.js:48
    var app = require(startupFile);
              ^

Error [ERR_REQUIRE_ESM]: require() of ES Module /home/v119576/domains/kurierportal.cfolks.pl/public_html/courier_portal/laravel/app.js from /usr/local/lsws/fcgi-bin/lsnode.js not supported.
app.js is treated as an ES module file as it is a .js file whose nearest parent package.json contains "type": "module" which declares all .js files in that package scope as ES modules.
Instead rename app.js to end in .cjs, change the requiring code to use dynamic import() which is available in all CommonJS modules, or change "type": "module" to "type": "commonjs" in /home/v119576/domains/kurierportal.cfolks.pl/public_html/courier_portal/laravel/package.json to treat all .js files as CommonJS (using .mjs for all ES modules instead).

    at startApplication (/usr/local/lsws/fcgi-bin/lsnode.js:48:15)
    at Object.<anonymous> (/usr/local/lsws/fcgi-bin/lsnode.js:16:1) {
  code: 'ERR_REQUIRE_ESM'
}

Node.js v18.14.1
/usr/local/lsws/fcgi-bin/lsnode.js:48
    var app = require(startupFile);
              ^

Error [ERR_REQUIRE_ESM]: require() of ES Module /home/v119576/domains/kurierportal.cfolks.pl/public_html/courier_portal/laravel/app.js from /usr/local/lsws/fcgi-bin/lsnode.js not supported.
app.js is treated as an ES module file as it is a .js file whose nearest parent package.json contains "type": "module" which declares all .js files in that package scope as ES modules.
Instead rename app.js to end in .cjs, change the requiring code to use dynamic import() which is available in all CommonJS modules, or change "type": "module" to "type": "commonjs" in /home/v119576/domains/kurierportal.cfolks.pl/public_html/courier_portal/laravel/package.json to treat all .js files as CommonJS (using .mjs for all ES modules instead).

    at startApplication (/usr/local/lsws/fcgi-bin/lsnode.js:48:15)
    at Object.<anonymous> (/usr/local/lsws/fcgi-bin/lsnode.js:16:1) {
  code: 'ERR_REQUIRE_ESM'
}

Node.js v18.14.1
/usr/local/lsws/fcgi-bin/lsnode.js:48
    var app = require(startupFile);
              ^

Error [ERR_REQUIRE_ESM]: require() of ES Module /home/v119576/domains/kurierportal.cfolks.pl/public_html/courier_portal/laravel/app.js from /usr/local/lsws/fcgi-bin/lsnode.js not supported.
app.js is treated as an ES module file as it is a .js file whose nearest parent package.json contains "type": "module" which declares all .js files in that package scope as ES modules.
Instead rename app.js to end in .cjs, change the requiring code to use dynamic import() which is available in all CommonJS modules, or change "type": "module" to "type": "commonjs" in /home/v119576/domains/kurierportal.cfolks.pl/public_html/courier_portal/laravel/package.json to treat all .js files as CommonJS (using .mjs for all ES modules instead).

    at startApplication (/usr/local/lsws/fcgi-bin/lsnode.js:48:15)
    at Object.<anonymous> (/usr/local/lsws/fcgi-bin/lsnode.js:16:1) {
  code: 'ERR_REQUIRE_ESM'
}

Node.js v18.14.1
/usr/local/lsws/fcgi-bin/lsnode.js:48
    var app = require(startupFile);
              ^

Error [ERR_REQUIRE_ESM]: require() of ES Module /home/v119576/domains/kurierportal.cfolks.pl/public_html/courier_portal/laravel/app.js from /usr/local/lsws/fcgi-bin/lsnode.js not supported.
app.js is treated as an ES module file as it is a .js file whose nearest parent package.json contains "type": "module" which declares all .js files in that package scope as ES modules.
Instead rename app.js to end in .cjs, change the requiring code to use dynamic import() which is available in all CommonJS modules, or change "type": "module" to "type": "commonjs" in /home/v119576/domains/kurierportal.cfolks.pl/public_html/courier_portal/laravel/package.json to treat all .js files as CommonJS (using .mjs for all ES modules instead).

    at startApplication (/usr/local/lsws/fcgi-bin/lsnode.js:48:15)
    at Object.<anonymous> (/usr/local/lsws/fcgi-bin/lsnode.js:16:1) {
  code: 'ERR_REQUIRE_ESM'
}

Node.js v18.14.1
